#
# There is insufficient memory for the Java Runtime Environment to continue.
# Native memory allocation (malloc) failed to allocate 1645936 bytes for Chunk::new
# Possible reasons:
#   The system is out of physical RAM or swap space
#   In 32 bit mode, the process size limit was hit
# Possible solutions:
#   Reduce memory load on the system
#   Increase physical memory or swap space
#   Check if swap backing store is full
#   Use 64 bit Java on a 64 bit OS
#   Decrease Java heap size (-Xmx/-Xms)
#   Decrease number of Java threads
#   Decrease Java thread stack sizes (-Xss)
#   Set larger code cache with -XX:ReservedCodeCacheSize=
# This output file may be truncated or incomplete.
#
#  Out of Memory Error (allocation.cpp:390), pid=7716, tid=196
#
# JRE version: Java(TM) SE Runtime Environment (8.0_25-b18) (build 1.8.0_25-b18)
# Java VM: Java HotSpot(TM) 64-Bit Server VM (25.25-b02 mixed mode windows-amd64 compressed oops)
# Failed to write core dump. Minidumps are not enabled by default on client versions of Windows
#

---------------  T H R E A D  ---------------

Current thread (0x0000000016ca1800):  JavaThread "C2 CompilerThread2" daemon [_thread_in_native, id=196, stack(0x0000000017410000,0x0000000017510000)]

Stack: [0x0000000017410000,0x0000000017510000]
Native frames: (J=compiled Java code, j=interpreted, Vv=VM code, C=native code)
V  [jvm.dll+0x31667a]
V  [jvm.dll+0x267073]
V  [jvm.dll+0x267cb3]
V  [jvm.dll+0x25f5b5]
V  [jvm.dll+0xbf165]
V  [jvm.dll+0xbf60c]
V  [jvm.dll+0x45d672]
V  [jvm.dll+0x49e8ef]
V  [jvm.dll+0x452275]
V  [jvm.dll+0x453864]
V  [jvm.dll+0x437372]
V  [jvm.dll+0x98a02]
V  [jvm.dll+0x991f3]
V  [jvm.dll+0x22bde4]
V  [jvm.dll+0x2852fa]
C  [msvcr100.dll+0x21d9f]
C  [msvcr100.dll+0x21e3b]
C  [KERNEL32.DLL+0x13d2]
C  [ntdll.dll+0x154f4]


Current CompileTask:
C2:   1172 1367   !   4       com.android.dx.cf.code.BytecodeArray::parseInstruction (2764 bytes)


---------------  P R O C E S S  ---------------

Java Threads: ( => current thread )
  0x000000001781c000 JavaThread "pool-1-thread-4" [_thread_blocked, id=10400, stack(0x0000000018410000,0x0000000018510000)]
  0x0000000017817800 JavaThread "pool-1-thread-3" [_thread_blocked, id=13420, stack(0x0000000018310000,0x0000000018410000)]
  0x0000000016f0d000 JavaThread "pool-1-thread-2" [_thread_blocked, id=12192, stack(0x0000000018210000,0x0000000018310000)]
  0x0000000016ef2000 JavaThread "pool-2-thread-1" [_thread_blocked, id=14072, stack(0x0000000018110000,0x0000000018210000)]
  0x0000000016f44800 JavaThread "pool-1-thread-1" [_thread_blocked, id=11108, stack(0x0000000018010000,0x0000000018110000)]
  0x0000000016d23000 JavaThread "Service Thread" daemon [_thread_blocked, id=9608, stack(0x0000000017610000,0x0000000017710000)]
  0x0000000016cbd800 JavaThread "C1 CompilerThread3" daemon [_thread_in_vm, id=2120, stack(0x0000000017510000,0x0000000017610000)]
=>0x0000000016ca1800 JavaThread "C2 CompilerThread2" daemon [_thread_in_native, id=196, stack(0x0000000017410000,0x0000000017510000)]
  0x0000000016c9a000 JavaThread "C2 CompilerThread1" daemon [_thread_in_native, id=7440, stack(0x0000000017310000,0x0000000017410000)]
  0x0000000016c96800 JavaThread "C2 CompilerThread0" daemon [_thread_in_native, id=14044, stack(0x0000000017210000,0x0000000017310000)]
  0x0000000016c48000 JavaThread "Attach Listener" daemon [_thread_blocked, id=13220, stack(0x0000000017110000,0x0000000017210000)]
  0x0000000016c47800 JavaThread "Signal Dispatcher" daemon [_thread_blocked, id=1900, stack(0x0000000017010000,0x0000000017110000)]
  0x0000000014c3c800 JavaThread "Finalizer" daemon [_thread_blocked, id=11336, stack(0x0000000016b10000,0x0000000016c10000)]
  0x0000000002112800 JavaThread "Reference Handler" daemon [_thread_blocked, id=10944, stack(0x0000000016a10000,0x0000000016b10000)]
  0x0000000002020800 JavaThread "main" [_thread_in_Java, id=10376, stack(0x0000000001bc0000,0x0000000001cc0000)]

Other Threads:
  0x0000000014c38000 VMThread [stack: 0x0000000016910000,0x0000000016a10000] [id=6840]
  0x0000000016d25800 WatcherThread [stack: 0x0000000017710000,0x0000000017810000] [id=11460]

VM state:not at safepoint (normal execution)

VM Mutex/Monitor currently owned by a thread: None

Heap:
 PSYoungGen      total 71680K, used 35370K [0x00000000eab00000, 0x00000000ef600000, 0x0000000100000000)
  eden space 66560K, 45% used [0x00000000eab00000,0x00000000ec890e30,0x00000000eec00000)
  from space 5120K, 99% used [0x00000000eec00000,0x00000000ef0f9c58,0x00000000ef100000)
  to   space 5120K, 0% used [0x00000000ef100000,0x00000000ef100000,0x00000000ef600000)
 ParOldGen       total 87552K, used 15161K [0x00000000c0000000, 0x00000000c5580000, 0x00000000eab00000)
  object space 87552K, 17% used [0x00000000c0000000,0x00000000c0ece630,0x00000000c5580000)
 Metaspace       used 6285K, capacity 7128K, committed 7424K, reserved 1056768K
  class space    used 616K, capacity 656K, committed 768K, reserved 1048576K

Card table byte_map: [0x00000000114e0000,0x00000000116f0000] byte_map_base: 0x0000000010ee0000

Marking Bits: (ParMarkBitMap*) 0x0000000058f2d490
 Begin Bits: [0x0000000012050000, 0x0000000013050000)
 End Bits:   [0x0000000013050000, 0x0000000014050000)

Polling page: 0x0000000001cc0000

CodeCache: size=245760Kb used=5957Kb max_used=5957Kb free=239802Kb
 bounds [0x0000000002120000, 0x0000000002700000, 0x0000000011120000]
 total_blobs=1860 nmethods=1592 adapters=181
 compilation: enabled

Compilation events (10 events):
Event: 0.712 Thread 0x0000000016cbd800 nmethod 1427% 0x00000000025fb090 code [0x00000000025fb620, 0x00000000025feda8]
Event: 0.712 Thread 0x0000000016cbd800 1432 %     3       com.android.dx.ssa.SsaMethod::buildUseList @ 82 (112 bytes)
Event: 0.713 Thread 0x0000000016cbd800 nmethod 1432% 0x0000000002602510 code [0x00000000026027a0, 0x0000000002603a98]
Event: 0.713 Thread 0x0000000016cbd800 1437 %     3       com.android.dx.cf.code.Ropper::addExceptionSetupBlocks @ 8 (203 bytes)
Event: 0.716 Thread 0x0000000016cbd800 nmethod 1437% 0x0000000002604450 code [0x0000000002604820, 0x0000000002606b68]
Event: 0.716 Thread 0x0000000016cbd800 1440 %     3       com.android.dx.ssa.Dominators::run @ 89 (506 bytes)
Event: 0.721 Thread 0x0000000016cbd800 nmethod 1440% 0x0000000002608550 code [0x0000000002608b20, 0x000000000260cbd8]
Event: 0.721 Thread 0x0000000016cbd800 1451 %     3       com.android.dx.ssa.SCCP::run @ 13 (298 bytes)
Event: 0.722 Thread 0x0000000016cbd800 nmethod 1451% 0x00000000026100d0 code [0x00000000026104a0, 0x0000000002612488]
Event: 0.723 Thread 0x0000000016cbd800 1447 %     3       com.android.dx.ssa.back.SsaToRop::removePhiFunctions @ 13 (83 bytes)

GC Heap History (4 events):
Event: 0.468 GC heap before
{Heap before GC invocations=1 (full 0):
 PSYoungGen      total 38400K, used 33280K [0x00000000eab00000, 0x00000000ed580000, 0x0000000100000000)
  eden space 33280K, 100% used [0x00000000eab00000,0x00000000ecb80000,0x00000000ecb80000)
  from space 5120K, 0% used [0x00000000ed080000,0x00000000ed080000,0x00000000ed580000)
  to   space 5120K, 0% used [0x00000000ecb80000,0x00000000ecb80000,0x00000000ed080000)
 ParOldGen       total 87552K, used 0K [0x00000000c0000000, 0x00000000c5580000, 0x00000000eab00000)
  object space 87552K, 0% used [0x00000000c0000000,0x00000000c0000000,0x00000000c5580000)
 Metaspace       used 5934K, capacity 6896K, committed 7040K, reserved 1056768K
  class space    used 595K, capacity 616K, committed 640K, reserved 1048576K
Event: 0.476 GC heap after
Heap after GC invocations=1 (full 0):
 PSYoungGen      total 38400K, used 5105K [0x00000000eab00000, 0x00000000ef600000, 0x0000000100000000)
  eden space 33280K, 0% used [0x00000000eab00000,0x00000000eab00000,0x00000000ecb80000)
  from space 5120K, 99% used [0x00000000ecb80000,0x00000000ed07c5f0,0x00000000ed080000)
  to   space 5120K, 0% used [0x00000000ef100000,0x00000000ef100000,0x00000000ef600000)
 ParOldGen       total 87552K, used 1975K [0x00000000c0000000, 0x00000000c5580000, 0x00000000eab00000)
  object space 87552K, 2% used [0x00000000c0000000,0x00000000c01ede50,0x00000000c5580000)
 Metaspace       used 5934K, capacity 6896K, committed 7040K, reserved 1056768K
  class space    used 595K, capacity 616K, committed 640K, reserved 1048576K
}
Event: 0.643 GC heap before
{Heap before GC invocations=2 (full 0):
 PSYoungGen      total 38400K, used 38385K [0x00000000eab00000, 0x00000000ef600000, 0x0000000100000000)
  eden space 33280K, 100% used [0x00000000eab00000,0x00000000ecb80000,0x00000000ecb80000)
  from space 5120K, 99% used [0x00000000ecb80000,0x00000000ed07c5f0,0x00000000ed080000)
  to   space 5120K, 0% used [0x00000000ef100000,0x00000000ef100000,0x00000000ef600000)
 ParOldGen       total 87552K, used 1975K [0x00000000c0000000, 0x00000000c5580000, 0x00000000eab00000)
  object space 87552K, 2% used [0x00000000c0000000,0x00000000c01ede50,0x00000000c5580000)
 Metaspace       used 6049K, capacity 6960K, committed 7040K, reserved 1056768K
  class space    used 595K, capacity 616K, committed 640K, reserved 1048576K
Event: 0.654 GC heap after
Heap after GC invocations=2 (full 0):
 PSYoungGen      total 71680K, used 5098K [0x00000000eab00000, 0x00000000ef600000, 0x0000000100000000)
  eden space 66560K, 0% used [0x00000000eab00000,0x00000000eab00000,0x00000000eec00000)
  from space 5120K, 99% used [0x00000000ef100000,0x00000000ef5fab28,0x00000000ef600000)
  to   space 5120K, 0% used [0x00000000eec00000,0x00000000eec00000,0x00000000ef100000)
 ParOldGen       total 87552K, used 5944K [0x00000000c0000000, 0x00000000c5580000, 0x00000000eab00000)
  object space 87552K, 6% used [0x00000000c0000000,0x00000000c05ce160,0x00000000c5580000)
 Metaspace       used 6049K, capacity 6960K, committed 7040K, reserved 1056768K
  class space    used 595K, capacity 616K, committed 640K, reserved 1048576K
}

Deoptimization events (10 events):
Event: 0.636 Thread 0x0000000016f44800 Uncommon trap: reason=unreached action=reinterpret pc=0x000000000236f198 method=com.android.dx.rop.code.LocalItem.hashCode()I @ 25
Event: 0.636 Thread 0x0000000016f44800 Uncommon trap: reason=unreached action=reinterpret pc=0x00000000023affd8 method=com.android.dx.rop.code.LocalItem.hashCode()I @ 25
Event: 0.659 Thread 0x0000000016f44800 Uncommon trap: reason=unreached action=reinterpret pc=0x0000000002454c18 method=java.util.HashMap.getNode(ILjava/lang/Object;)Ljava/util/HashMap$Node; @ 84
Event: 0.659 Thread 0x0000000016f44800 Uncommon trap: reason=unreached action=reinterpret pc=0x0000000002371c6c method=java.util.HashMap.putVal(ILjava/lang/Object;Ljava/lang/Object;ZZ)Ljava/lang/Object; @ 109
Event: 0.659 Thread 0x0000000016f44800 Uncommon trap: reason=unreached action=reinterpret pc=0x00000000023204f4 method=java.util.HashMap.getNode(ILjava/lang/Object;)Ljava/util/HashMap$Node; @ 84
Event: 0.659 Thread 0x0000000016f44800 Uncommon trap: reason=unreached action=reinterpret pc=0x000000000255bd4c method=java.util.HashMap.putVal(ILjava/lang/Object;Ljava/lang/Object;ZZ)Ljava/lang/Object; @ 109
Event: 0.678 Thread 0x0000000002020800 Uncommon trap: reason=class_check action=maybe_recompile pc=0x00000000025bac70 method=com.android.dx.cf.code.BytecodeArray.parseInstruction(ILcom/android/dx/cf/code/BytecodeArray$Visitor;)I @ 971
Event: 0.678 Thread 0x0000000002020800 Uncommon trap: reason=class_check action=maybe_recompile pc=0x00000000025bac70 method=com.android.dx.cf.code.BytecodeArray.parseInstruction(ILcom/android/dx/cf/code/BytecodeArray$Visitor;)I @ 971
Event: 0.679 Thread 0x0000000002020800 Uncommon trap: reason=class_check action=maybe_recompile pc=0x00000000025bac70 method=com.android.dx.cf.code.BytecodeArray.parseInstruction(ILcom/android/dx/cf/code/BytecodeArray$Visitor;)I @ 971
Event: 0.679 Thread 0x0000000002020800 Uncommon trap: reason=class_check action=maybe_recompile pc=0x00000000025bac70 method=com.android.dx.cf.code.BytecodeArray.parseInstruction(ILcom/android/dx/cf/code/BytecodeArray$Visitor;)I @ 971

Internal exceptions (10 events):
Event: 0.308 Thread 0x0000000017817800 Exception <a 'java/security/PrivilegedActionException'> (0x00000000eb4bdfe8) thrown at [D:\re\workspace\8-2-build-windows-amd64-cygwin\jdk8u25\1677\hotspot\src\share\vm\prims\jvm.cpp, line 1312]
Event: 0.318 Thread 0x0000000002020800 Exception <a 'java/security/PrivilegedActionException'> (0x00000000eb755a10) thrown at [D:\re\workspace\8-2-build-windows-amd64-cygwin\jdk8u25\1677\hotspot\src\share\vm\prims\jvm.cpp, line 1312]
Event: 0.320 Thread 0x0000000002020800 Exception <a 'java/security/PrivilegedActionException'> (0x00000000ebab6b08) thrown at [D:\re\workspace\8-2-build-windows-amd64-cygwin\jdk8u25\1677\hotspot\src\share\vm\prims\jvm.cpp, line 1312]
Event: 0.336 Thread 0x0000000017817800 Exception <a 'java/security/PrivilegedActionException'> (0x00000000eb9eb4d8) thrown at [D:\re\workspace\8-2-build-windows-amd64-cygwin\jdk8u25\1677\hotspot\src\share\vm\prims\jvm.cpp, line 1312]
Event: 0.392 Thread 0x0000000002020800 Exception <a 'java/security/PrivilegedActionException'> (0x00000000ec105838) thrown at [D:\re\workspace\8-2-build-windows-amd64-cygwin\jdk8u25\1677\hotspot\src\share\vm\prims\jvm.cpp, line 1312]
Event: 0.417 Thread 0x0000000017817800 Exception <a 'java/security/PrivilegedActionException'> (0x00000000ec3d4648) thrown at [D:\re\workspace\8-2-build-windows-amd64-cygwin\jdk8u25\1677\hotspot\src\share\vm\prims\jvm.cpp, line 1312]
Event: 0.504 Thread 0x000000001781c000 Implicit null exception at 0x00000000023e19af to 0x00000000023e3949
Event: 0.658 Thread 0x0000000016f44800 Exception <a 'java/lang/ArrayIndexOutOfBoundsException': 18> (0x00000000eac1b468) thrown at [D:\re\workspace\8-2-build-windows-amd64-cygwin\jdk8u25\1677\hotspot\src\share\vm\interpreter\interpreterRuntime.cpp, line 366]
Event: 0.658 Thread 0x0000000016f44800 Exception <a 'java/lang/ArrayIndexOutOfBoundsException': 145> (0x00000000eac1cf00) thrown at [D:\re\workspace\8-2-build-windows-amd64-cygwin\jdk8u25\1677\hotspot\src\share\vm\interpreter\interpreterRuntime.cpp, line 366]
Event: 0.659 Thread 0x0000000016f44800 Exception <a 'java/lang/ArrayIndexOutOfBoundsException': 40> (0x00000000eac1e118) thrown at [D:\re\workspace\8-2-build-windows-amd64-cygwin\jdk8u25\1677\hotspot\src\share\vm\interpreter\interpreterRuntime.cpp, line 366]

Events (10 events):
Event: 0.679 Thread 0x0000000002020800 DEOPT PACKING pc=0x00000000025bac70 sp=0x0000000001cbe180
Event: 0.679 Thread 0x0000000002020800 DEOPT UNPACKING pc=0x000000000216556a sp=0x0000000001cbe100 mode 2
Event: 0.689 Thread 0x0000000016f44800 DEOPT PACKING pc=0x00000000023d54ee sp=0x000000001810dd40
Event: 0.689 Thread 0x0000000016f44800 DEOPT UNPACKING pc=0x00000000021675bf sp=0x000000001810da60 mode 0
Event: 0.705 Thread 0x0000000016f44800 DEOPT PACKING pc=0x00000000023d54ee sp=0x000000001810ddf0
Event: 0.705 Thread 0x0000000016f44800 DEOPT UNPACKING pc=0x00000000021675bf sp=0x000000001810db10 mode 0
Event: 0.714 Thread 0x000000001781c000 DEOPT PACKING pc=0x00000000023d54ee sp=0x000000001850e140
Event: 0.714 Thread 0x000000001781c000 DEOPT UNPACKING pc=0x00000000021675bf sp=0x000000001850de60 mode 0
Event: 0.716 Thread 0x0000000016f44800 DEOPT PACKING pc=0x00000000023d54ee sp=0x000000001810dd40
Event: 0.716 Thread 0x0000000016f44800 DEOPT UNPACKING pc=0x00000000021675bf sp=0x000000001810da60 mode 0


Dynamic libraries:
0x00007ff7c4e10000 - 0x00007ff7c4e44000 	E:\Android\jdk1.8.0_25\bin\java.exe
0x00007fffbbf10000 - 0x00007fffbc0bd000 	C:\Windows\system32\ole32.dll
0x00007fffb9960000 - 0x00007fffb9a9e000 	C:\Windows\system32\KERNEL32.DLL
0x00007fffb92a0000 - 0x00007fffb93b6000 	C:\Windows\system32\KERNELBASE.dll
0x00007fffb7ab0000 - 0x00007fffb7b3e000 	C:\Windows\system32\RPCRT4.dll
0x00007fffb4d60000 - 0x00007fffb4db3000 	C:\Windows\AppPatch\AppPatch64\AcGenral.DLL
0x00007fffb9dc0000 - 0x00007fffb9e6a000 	C:\Windows\system32\msvcrt.dll
0x00007fffb9110000 - 0x00007fffb913e000 	C:\Windows\system32\SspiCli.dll
0x00007fffb9900000 - 0x00007fffb9954000 	C:\Windows\SYSTEM32\SHCORE.dll
0x00007fffbbd90000 - 0x00007fffbbf07000 	C:\Windows\system32\USER32.dll
0x00007fffb9f90000 - 0x00007fffba124000 	C:\Windows\system32\ole32.dll
0x00007fffba690000 - 0x00007fffbbbbc000 	C:\Windows\system32\SHELL32.dll
0x00007fffb8580000 - 0x00007fffb85a1000 	C:\Windows\SYSTEM32\USERENV.dll
0x00007fffb9d00000 - 0x00007fffb9daa000 	C:\Windows\system32\ADVAPI32.dll
0x00007fffb0d60000 - 0x00007fffb0d7e000 	C:\Windows\SYSTEM32\MPR.dll
0x00007fffba320000 - 0x00007fffba460000 	C:\Windows\system32\RPCRT4.dll
0x00007fffb9ac0000 - 0x00007fffb9b19000 	C:\Windows\SYSTEM32\sechost.dll
0x00007fffba470000 - 0x00007fffba682000 	C:\Program Files\NVIDIA Corporation\CoProcManager\_etoured.dll
0x00007fffb9670000 - 0x00007fffb97bb000 	C:\Windows\system32\GDI32.dll
0x00007fffb9040000 - 0x00007fffb9055000 	C:\Windows\SYSTEM32\profapi.dll
0x00007fffb7740000 - 0x00007fffb77f2000 	C:\Windows\SYSTEM32\SHCORE.dll
0x00007fffba2e0000 - 0x00007fffba316000 	C:\Windows\WinSxS\amd64_microsoft.windows.common-controls_6595b64144ccf1df_6.0.9600.18006_none_623f33d3ecbe86e8\COMCTL32.dll
0x00007fffbbbc0000 - 0x00007fffbbd11000 	E:\Android\jdk1.8.0_25\jre\bin\msvcr100.dll
0x00007fffb9000000 - 0x00007fffb9030000 	C:\Windows\system32\nvinitx.dll
0x00007fffb8ff0000 - 0x00007fffb8ffa000 	C:\Windows\SYSTEM32\VERSION.dll
0x000000005b5a0000 - 0x000000005b5a6000 	C:\Program Files\NVIDIA Corporation\CoProcManager\_etoured.dll
0x00007fffb6510000 - 0x00007fffb6548000 	C:\Program Files\NVIDIA Corporation\CoProcManager\nvd3d9wrapx.dll
0x00007fffb9b20000 - 0x00007fffb9cfa000 	C:\Windows\SYSTEM32\DEVOBJ.dll
0x00007fffb9250000 - 0x00007fffb929f000 	C:\Windows\system32\CFGMGR32.dll
0x00007fffb64e0000 - 0x00007fffb6504000 	C:\Program Files\NVIDIA Corporation\CoProcManager\nvdxgiwrapx.dll
0x00007fffb7000000 - 0x00007fffb727b000 	C:\Windows\WinSxS\amd64_microsoft.windows.common-controls_6595b64144ccf1df_6.0.9600.18006_none_623f33d3ecbe86e8\COMCTL32.dll
0x0000000058290000 - 0x0000000058362000 	C:\Windows\system32\apphelp.dll
0x0000000058750000 - 0x0000000058faa000 	C:\Windows\system32\ole32.dll
0x00007fffb6630000 - 0x00007fffb6639000 	C:\Windows\system32\ADVAPI32.dll
0x00007fffa9a90000 - 0x00007fffa9ab2000 	C:\Windows\SYSTEM32\WINMM.dll
0x00007fffba460000 - 0x00007fffba467000 	C:\Windows\system32\PSAPI.DLL
0x00007fffb9880000 - 0x00007fffb98da000 	C:\Windows\system32\WS2_32.dll
0x00007fffa9a60000 - 0x00007fffa9a8a000 	C:\Windows\system32\IMM32.DLL
0x00007fffb98e0000 - 0x00007fffb98e9000 	C:\Windows\system32\nvinitx.dll
0x00007fffb7c90000 - 0x00007fffb7cb8000 	C:\Windows\SYSTEM32\DEVOBJ.dll
0x0000000058740000 - 0x000000005874f000 	C:\Program Files\NVIDIA Corporation\CoProcManager\nvd3d9wrapx.dll
0x0000000058710000 - 0x0000000058738000 	C:\Windows\system32\CFGMGR32.dll
0x00000000586f0000 - 0x0000000058706000 	E:\Android\jdk1.8.0_25\jre\bin\zip.dll
0x00007fffa98d0000 - 0x00007fffa9a59000 	E:\Android\jdk1.8.0_25\jre\bin\msvcr100.dll

VM Arguments:
jvm_args: -Djava.awt.headless=true -Xmx1024M -Dfile.encoding=GBK -Duser.country=CN -Duser.language=zh -Duser.variant 
java_command: com.android.dx.command.Main --dex --num-threads=4 --output E:\Android\Music\app\build\intermediates\pre-dexed\debug\com.android.support-support-core-ui-25.3.1_dfd88f8e45db8630d48190dcaa6ed89fb753c944.jar E:\Android\Music\app\build\intermediates\exploded-aar\com.android.support\support-core-ui\25.3.1\jars\classes.jar
java_class_path (initial): C:\Users\windowns8.1\AppData\Local\Android\Sdk\build-tools\25.0.3\lib\dx.jar
Launcher Type: SUN_STANDARD

Environment Variables:
JAVA_HOME=E:\Android\jdk1.8.0_25\
CLASSPATH=.;E:\Android\jdk1.8.0_25\\lib;E:\Android\jdk1.8.0_25\\lib\dt.jar;E:\Android\jdk1.8.0_25\\lib\tools.jar
PATH=C:\Windows\System32;D:\WinSCP\;D:\MySQL\bin
USERNAME=windowns8.1
OS=Windows_NT
PROCESSOR_IDENTIFIER=Intel64 Family 6 Model 60 Stepping 3, GenuineIntel



---------------  S Y S T E M  ---------------

OS: Windows 8.1 , 64 bit Build 9600 

CPU:total 8 (4 cores per cpu, 2 threads per core) family 6 model 60 stepping 3, cmov, cx8, fxsr, mmx, sse, sse2, sse3, ssse3, sse4.1, sse4.2, popcnt, avx, avx2, aes, clmul, erms, lzcnt, ht, tsc, tscinvbit, bmi1, bmi2

Memory: 4k page, physical 8268976k(1082780k free), swap 11414704k(204284k free)

vm_info: Java HotSpot(TM) 64-Bit Server VM (25.25-b02) for windows-amd64 JRE (1.8.0_25-b18), built on Oct  7 2014 14:25:37 by "java_re" with MS VC++ 10.0 (VS2010)

time: Tue May 01 21:16:44 2018
elapsed time: 1 seconds (0d 0h 0m 1s)

