#
# There is insufficient memory for the Java Runtime Environment to continue.
# Native memory allocation (malloc) failed to allocate 32744 bytes for ChunkPool::allocate
# Possible reasons:
#   The system is out of physical RAM or swap space
#   In 32 bit mode, the process size limit was hit
# Possible solutions:
#   Reduce memory load on the system
#   Increase physical memory or swap space
#   Check if swap backing store is full
#   Use 64 bit Java on a 64 bit OS
#   Decrease Java heap size (-Xmx/-Xms)
#   Decrease number of Java threads
#   Decrease Java thread stack sizes (-Xss)
#   Set larger code cache with -XX:ReservedCodeCacheSize=
# This output file may be truncated or incomplete.
#
#  Out of Memory Error (allocation.cpp:273), pid=4684, tid=8576
#
# JRE version: Java(TM) SE Runtime Environment (8.0_25-b18) (build 1.8.0_25-b18)
# Java VM: Java HotSpot(TM) 64-Bit Server VM (25.25-b02 mixed mode windows-amd64 compressed oops)
# Failed to write core dump. Minidumps are not enabled by default on client versions of Windows
#

---------------  T H R E A D  ---------------

Current thread (0x0000000016d61000):  JavaThread "C2 CompilerThread2" daemon [_thread_in_native, id=8576, stack(0x0000000017490000,0x0000000017590000)]

Stack: [0x0000000017490000,0x0000000017590000]
Native frames: (J=compiled Java code, j=interpreted, Vv=VM code, C=native code)
V  [jvm.dll+0x31667a]


Current CompileTask:
C2:    415  131       4       java.lang.String::codePointAt (36 bytes)


---------------  P R O C E S S  ---------------

Java Threads: ( => current thread )
  0x0000000016d99000 JavaThread "Service Thread" daemon [_thread_blocked, id=2712, stack(0x0000000017690000,0x0000000017790000)]
  0x0000000016d6e000 JavaThread "C1 CompilerThread3" daemon [_thread_blocked, id=12520, stack(0x0000000017590000,0x0000000017690000)]
=>0x0000000016d61000 JavaThread "C2 CompilerThread2" daemon [_thread_in_native, id=8576, stack(0x0000000017490000,0x0000000017590000)]
  0x0000000016d5f000 JavaThread "C2 CompilerThread1" daemon [_thread_blocked, id=384, stack(0x0000000017390000,0x0000000017490000)]
  0x0000000016d16800 JavaThread "C2 CompilerThread0" daemon [_thread_blocked, id=10200, stack(0x0000000017290000,0x0000000017390000)]
  0x0000000016d11800 JavaThread "Attach Listener" daemon [_thread_blocked, id=13628, stack(0x0000000017190000,0x0000000017290000)]
  0x0000000016cc7800 JavaThread "Signal Dispatcher" daemon [_thread_blocked, id=12296, stack(0x0000000017090000,0x0000000017190000)]
  0x0000000014cbc800 JavaThread "Finalizer" daemon [_thread_blocked, id=9840, stack(0x0000000016b90000,0x0000000016c90000)]
  0x0000000002192800 JavaThread "Reference Handler" daemon [_thread_blocked, id=5704, stack(0x0000000016a90000,0x0000000016b90000)]
  0x00000000020a0800 JavaThread "main" [_thread_blocked, id=13600, stack(0x0000000001fa0000,0x00000000020a0000)]

Other Threads:
  0x0000000014cb8000 VMThread [stack: 0x0000000016990000,0x0000000016a90000] [id=7548]
  0x0000000016d9b000 WatcherThread [stack: 0x0000000017790000,0x0000000017890000] [id=11164]

VM state:at safepoint (normal execution)

VM Mutex/Monitor currently owned by a thread:  ([mutex/lock_event])
[0x0000000001c0bcf0] Threads_lock - owner thread: 0x0000000014cb8000
[0x0000000001c0bff0] Heap_lock - owner thread: 0x00000000020a0800

Heap:
 PSYoungGen      total 38400K, used 4709K [0x00000000eab00000, 0x00000000ed580000, 0x0000000100000000)
  eden space 33280K, 14% used [0x00000000eab00000,0x00000000eaf997a8,0x00000000ecb80000)
  from space 5120K, 0% used [0x00000000ed080000,0x00000000ed080000,0x00000000ed580000)
  to   space 5120K, 17% used [0x00000000ecb80000,0x00000000ecc5bc70,0x00000000ed080000)
 ParOldGen       total 87552K, used 8K [0x00000000c0000000, 0x00000000c5580000, 0x00000000eab00000)
  object space 87552K, 0% used [0x00000000c0000000,0x00000000c0002000,0x00000000c5580000)
 Metaspace       used 3508K, capacity 4720K, committed 4864K, reserved 1060864K
  class space    used 378K, capacity 424K, committed 512K, reserved 1048576K

Card table byte_map: [0x0000000011560000,0x0000000011770000] byte_map_base: 0x0000000010f60000

Marking Bits: (ParMarkBitMap*) 0x0000000058f2d490
 Begin Bits: [0x00000000120d0000, 0x00000000130d0000)
 End Bits:   [0x00000000130d0000, 0x00000000140d0000)

Polling page: 0x00000000003c0000

CodeCache: size=245760Kb used=1323Kb max_used=1333Kb free=244436Kb
 bounds [0x00000000021a0000, 0x0000000002410000, 0x00000000111a0000]
 total_blobs=383 nmethods=134 adapters=163
 compilation: enabled

Compilation events (10 events):
Event: 0.410 Thread 0x0000000016d6e000 nmethod 126 0x00000000022e4290 code [0x00000000022e4460, 0x00000000022e4bd8]
Event: 0.410 Thread 0x0000000016d6e000  130       1       java.lang.String::toString (2 bytes)
Event: 0.410 Thread 0x0000000016d6e000 nmethod 130 0x00000000022e5110 code [0x00000000022e5260, 0x00000000022e5370]
Event: 0.410 Thread 0x0000000016d6e000  124       3       java.util.regex.Matcher::<init> (84 bytes)
Event: 0.410 Thread 0x0000000016d6e000 nmethod 124 0x00000000022e53d0 code [0x00000000022e5560, 0x00000000022e5a28]
Event: 0.410 Thread 0x0000000016d6e000  125       3       java.util.regex.Matcher::find (69 bytes)
Event: 0.410 Thread 0x0000000016d6e000 nmethod 125 0x00000000022e5b90 code [0x00000000022e5d00, 0x00000000022e60a8]
Event: 0.410 Thread 0x0000000016d6e000  127       3       java.util.regex.Pattern::<init> (90 bytes)
Event: 0.411 Thread 0x0000000016d6e000 nmethod 127 0x00000000022e6190 code [0x00000000022e6320, 0x00000000022e6798]
Event: 0.411 Thread 0x0000000016d6e000  128   !   3       java.util.regex.Pattern::matcher (44 bytes)

GC Heap History (0 events):
No events

Deoptimization events (0 events):
No events

Internal exceptions (10 events):
Event: 0.335 Thread 0x00000000020a0800 Exception <a 'java/security/PrivilegedActionException'> (0x00000000eade4b90) thrown at [D:\re\workspace\8-2-build-windows-amd64-cygwin\jdk8u25\1677\hotspot\src\share\vm\prims\jvm.cpp, line 1312]
Event: 0.336 Thread 0x00000000020a0800 Exception <a 'java/security/PrivilegedActionException'> (0x00000000eade6e30) thrown at [D:\re\workspace\8-2-build-windows-amd64-cygwin\jdk8u25\1677\hotspot\src\share\vm\prims\jvm.cpp, line 1312]
Event: 0.337 Thread 0x00000000020a0800 Exception <a 'java/security/PrivilegedActionException'> (0x00000000eadebc18) thrown at [D:\re\workspace\8-2-build-windows-amd64-cygwin\jdk8u25\1677\hotspot\src\share\vm\prims\jvm.cpp, line 1312]
Event: 0.337 Thread 0x00000000020a0800 Exception <a 'java/security/PrivilegedActionException'> (0x00000000eadf02a8) thrown at [D:\re\workspace\8-2-build-windows-amd64-cygwin\jdk8u25\1677\hotspot\src\share\vm\prims\jvm.cpp, line 1312]
Event: 0.338 Thread 0x00000000020a0800 Exception <a 'java/security/PrivilegedActionException'> (0x00000000eadf4ee0) thrown at [D:\re\workspace\8-2-build-windows-amd64-cygwin\jdk8u25\1677\hotspot\src\share\vm\prims\jvm.cpp, line 1312]
Event: 0.339 Thread 0x00000000020a0800 Exception <a 'java/security/PrivilegedActionException'> (0x00000000eadf9710) thrown at [D:\re\workspace\8-2-build-windows-amd64-cygwin\jdk8u25\1677\hotspot\src\share\vm\prims\jvm.cpp, line 1312]
Event: 0.382 Thread 0x00000000020a0800 Exception <a 'java/security/PrivilegedActionException'> (0x00000000eae02fd8) thrown at [D:\re\workspace\8-2-build-windows-amd64-cygwin\jdk8u25\1677\hotspot\src\share\vm\prims\jvm.cpp, line 1312]
Event: 0.382 Thread 0x00000000020a0800 Exception <a 'java/security/PrivilegedActionException'> (0x00000000eae089d0) thrown at [D:\re\workspace\8-2-build-windows-amd64-cygwin\jdk8u25\1677\hotspot\src\share\vm\prims\jvm.cpp, line 1312]
Event: 0.383 Thread 0x00000000020a0800 Exception <a 'java/security/PrivilegedActionException'> (0x00000000eae0ad68) thrown at [D:\re\workspace\8-2-build-windows-amd64-cygwin\jdk8u25\1677\hotspot\src\share\vm\prims\jvm.cpp, line 1312]
Event: 0.393 Thread 0x00000000020a0800 Exception <a 'java/security/PrivilegedActionException'> (0x00000000eae1a9f8) thrown at [D:\re\workspace\8-2-build-windows-amd64-cygwin\jdk8u25\1677\hotspot\src\share\vm\prims\jvm.cpp, line 1312]

Events (10 events):
Event: 0.397 loading class java/util/regex/Pattern$BnM
Event: 0.397 loading class java/util/regex/Pattern$BnM done
Event: 0.397 loading class java/util/regex/Pattern$SliceS
Event: 0.397 loading class java/util/regex/Pattern$SliceS done
Event: 0.397 loading class java/util/regex/Matcher
Event: 0.397 loading class java/util/regex/MatchResult
Event: 0.397 loading class java/util/regex/MatchResult done
Event: 0.397 loading class java/util/regex/Matcher done
Event: 0.410 loading class java/util/ArrayList$Itr
Event: 0.411 loading class java/util/ArrayList$Itr done


Dynamic libraries:
0x00007ff7c4e10000 - 0x00007ff7c4e44000 	E:\Android\jdk1.8.0_25\bin\java.exe
0x00007fffbbf10000 - 0x00007fffbc0bd000 	C:\Windows\SYSTEM32\ntdll.dll
0x00007fffb9960000 - 0x00007fffb9a9e000 	C:\Windows\system32\KERNEL32.DLL
0x00007fffb92a0000 - 0x00007fffb93b6000 	C:\Windows\system32\KERNELBASE.dll
0x00007fffb7ab0000 - 0x00007fffb7b3e000 	C:\Windows\system32\apphelp.dll
0x00007fffb4d60000 - 0x00007fffb4db3000 	C:\Windows\AppPatch\AppPatch64\AcGenral.DLL
0x00007fffb9dc0000 - 0x00007fffb9e6a000 	C:\Windows\system32\msvcrt.dll
0x00007fffb9110000 - 0x00007fffb913e000 	C:\Windows\system32\SspiCli.dll
0x00007fffb9900000 - 0x00007fffb9954000 	C:\Windows\system32\SHLWAPI.dll
0x00007fffbbd90000 - 0x00007fffbbf07000 	C:\Windows\system32\USER32.dll
0x00007fffb9f90000 - 0x00007fffba124000 	C:\Windows\system32\ole32.dll
0x00007fffba690000 - 0x00007fffbbbbc000 	C:\Windows\system32\SHELL32.dll
0x00007fffb8580000 - 0x00007fffb85a1000 	C:\Windows\SYSTEM32\USERENV.dll
0x00007fffb9d00000 - 0x00007fffb9daa000 	C:\Windows\system32\ADVAPI32.dll
0x00007fffb0d60000 - 0x00007fffb0d7e000 	C:\Windows\SYSTEM32\MPR.dll
0x00007fffba320000 - 0x00007fffba460000 	C:\Windows\system32\RPCRT4.dll
0x00007fffb9ac0000 - 0x00007fffb9b19000 	C:\Windows\SYSTEM32\sechost.dll
0x00007fffba470000 - 0x00007fffba682000 	C:\Windows\SYSTEM32\combase.dll
0x00007fffb9670000 - 0x00007fffb97bb000 	C:\Windows\system32\GDI32.dll
0x00007fffb9040000 - 0x00007fffb9055000 	C:\Windows\SYSTEM32\profapi.dll
0x00007fffb7740000 - 0x00007fffb77f2000 	C:\Windows\SYSTEM32\SHCORE.dll
0x00007fffba2e0000 - 0x00007fffba316000 	C:\Windows\system32\IMM32.DLL
0x00007fffbbbc0000 - 0x00007fffbbd11000 	C:\Windows\system32\MSCTF.dll
0x00007fffb9000000 - 0x00007fffb9030000 	C:\Windows\system32\nvinitx.dll
0x00007fffb8ff0000 - 0x00007fffb8ffa000 	C:\Windows\SYSTEM32\VERSION.dll
0x000000005b5a0000 - 0x000000005b5a6000 	C:\Program Files\NVIDIA Corporation\CoProcManager\_etoured.dll
0x00007fffb6510000 - 0x00007fffb6548000 	C:\Program Files\NVIDIA Corporation\CoProcManager\nvd3d9wrapx.dll
0x00007fffb9b20000 - 0x00007fffb9cfa000 	C:\Windows\system32\SETUPAPI.dll
0x00007fffb9250000 - 0x00007fffb929f000 	C:\Windows\system32\CFGMGR32.dll
0x00007fffb64e0000 - 0x00007fffb6504000 	C:\Program Files\NVIDIA Corporation\CoProcManager\nvdxgiwrapx.dll
0x00007fffb7000000 - 0x00007fffb727b000 	C:\Windows\WinSxS\amd64_microsoft.windows.common-controls_6595b64144ccf1df_6.0.9600.18006_none_623f33d3ecbe86e8\COMCTL32.dll
0x0000000058290000 - 0x0000000058362000 	E:\Android\jdk1.8.0_25\jre\bin\msvcr100.dll
0x0000000058750000 - 0x0000000058faa000 	E:\Android\jdk1.8.0_25\jre\bin\server\jvm.dll
0x00007fffb6630000 - 0x00007fffb6639000 	C:\Windows\SYSTEM32\WSOCK32.dll
0x00007fffa9a90000 - 0x00007fffa9ab2000 	C:\Windows\SYSTEM32\WINMM.dll
0x00007fffba460000 - 0x00007fffba467000 	C:\Windows\system32\PSAPI.DLL
0x00007fffb9880000 - 0x00007fffb98da000 	C:\Windows\system32\WS2_32.dll
0x00007fffa9a60000 - 0x00007fffa9a8a000 	C:\Windows\SYSTEM32\WINMMBASE.dll
0x00007fffb98e0000 - 0x00007fffb98e9000 	C:\Windows\system32\NSI.dll
0x00007fffb7c90000 - 0x00007fffb7cb8000 	C:\Windows\SYSTEM32\DEVOBJ.dll
0x0000000058740000 - 0x000000005874f000 	E:\Android\jdk1.8.0_25\jre\bin\verify.dll
0x0000000058710000 - 0x0000000058738000 	E:\Android\jdk1.8.0_25\jre\bin\java.dll
0x00000000586f0000 - 0x0000000058706000 	E:\Android\jdk1.8.0_25\jre\bin\zip.dll

VM Arguments:
jvm_args: -Djava.awt.headless=true -Xmx1024M -Dfile.encoding=GBK -Duser.country=CN -Duser.language=zh -Duser.variant 
java_command: com.android.dx.command.Main --dex --num-threads=4 --output E:\Android\Music\app\build\intermediates\pre-dexed\debug\com.android.support-support-core-utils-25.3.1_7f6d2b7809ff0ff6e862f89f9f6c99d2542286b1.jar E:\Android\Music\app\build\intermediates\exploded-aar\com.android.support\support-core-utils\25.3.1\jars\classes.jar
java_class_path (initial): C:\Users\windowns8.1\AppData\Local\Android\Sdk\build-tools\25.0.3\lib\dx.jar
Launcher Type: SUN_STANDARD

Environment Variables:
JAVA_HOME=E:\Android\jdk1.8.0_25\
CLASSPATH=.;E:\Android\jdk1.8.0_25\\lib;E:\Android\jdk1.8.0_25\\lib\dt.jar;E:\Android\jdk1.8.0_25\\lib\tools.jar
PATH=C:\Windows\System32;D:\WinSCP\;D:\MySQL\bin
USERNAME=windowns8.1
OS=Windows_NT
PROCESSOR_IDENTIFIER=Intel64 Family 6 Model 60 Stepping 3, GenuineIntel



---------------  S Y S T E M  ---------------

OS: Windows 8.1 , 64 bit Build 9600 

CPU:total 8 (4 cores per cpu, 2 threads per core) family 6 model 60 stepping 3, cmov, cx8, fxsr, mmx, sse, sse2, sse3, ssse3, sse4.1, sse4.2, popcnt, avx, avx2, aes, clmul, erms, lzcnt, ht, tsc, tscinvbit, bmi1, bmi2

Memory: 4k page, physical 8268976k(1126612k free), swap 11414704k(4980k free)

vm_info: Java HotSpot(TM) 64-Bit Server VM (25.25-b02) for windows-amd64 JRE (1.8.0_25-b18), built on Oct  7 2014 14:25:37 by "java_re" with MS VC++ 10.0 (VS2010)

time: Tue May 01 21:16:45 2018
elapsed time: 0 seconds (0d 0h 0m 0s)

